<?xml version="1.0" encoding="UTF-8"?>
<testsuites name="jest tests" tests="19" failures="0" time="2.42">
  <testsuite name="isObject" errors="0" failures="0" skipped="0" timestamp="2020-10-09T09:33:26" time="2.054" tests="19">
    <testcase classname="isObject object" name="isObject object" time="0.001">
    </testcase>
    <testcase classname="isObject array" name="isObject array" time="0">
    </testcase>
    <testcase classname="isObject primitive" name="isObject primitive" time="0">
    </testcase>
    <testcase classname="isObject null" name="isObject null" time="0.001">
    </testcase>
    <testcase classname="isPrimitive primitive" name="isPrimitive primitive" time="0">
    </testcase>
    <testcase classname="isPrimitive null" name="isPrimitive null" time="0">
    </testcase>
    <testcase classname="isPrimitive not primitive" name="isPrimitive not primitive" time="0">
    </testcase>
    <testcase classname="visit string" name="visit string" time="0.001">
    </testcase>
    <testcase classname="visit null" name="visit null" time="0">
    </testcase>
    <testcase classname="visit boolean" name="visit boolean" time="0">
    </testcase>
    <testcase classname="visit number" name="visit number" time="0">
    </testcase>
    <testcase classname="visit array" name="visit array" time="0">
    </testcase>
    <testcase classname="visit object" name="visit object" time="0.001">
    </testcase>
    <testcase classname="typeOf object" name="typeOf object" time="0">
    </testcase>
    <testcase classname="typeOf null" name="typeOf null" time="0">
    </testcase>
    <testcase classname="typeOf string" name="typeOf string" time="0">
    </testcase>
    <testcase classname="typeOf number" name="typeOf number" time="0.001">
    </testcase>
    <testcase classname="typeOf boolean" name="typeOf boolean" time="0">
    </testcase>
    <testcase classname="typeOf array" name="typeOf array" time="0">
    </testcase>
  </testsuite>
</testsuites>