<?xml version="1.0" encoding="UTF-8"?>
<testsuites name="jest tests" tests="4" failures="0" time="71.906">
  <testsuite name="addPosition" errors="0" failures="0" skipped="0" timestamp="2020-11-09T07:04:04" time="65.709" tests="4">
    <testcase classname="addPosition &apos;h&apos;" name="addPosition &apos;h&apos;" time="0.006">
    </testcase>
    <testcase classname="addPosition &apos;h\nw&apos;" name="addPosition &apos;h\nw&apos;" time="0.001">
    </testcase>
    <testcase classname="addPosition json" name="addPosition json" time="0.001">
    </testcase>
    <testcase classname="addPosition eof" name="addPosition eof" time="0">
    </testcase>
  </testsuite>
</testsuites>